<?xml version="1.0" encoding="UTF-8"?>
<!-- Generated by org.testng.reporters.JUnitXMLReporter -->
<testsuite ignored="0" hostname="MSI" failures="3" tests="4" name="Chrome Browser Test" time="33.877" errors="0" timestamp="2022-01-03T01:13:14 IST">
  <testcase classname="com.nopecommercev1.testCases.TC_DDTlogintest_002" name="loginTest" time="16.361"/>
  <testcase classname="com.nopecommercev1.testCases.TC_DDTlogintest_002" name="loginTest" time="5.237">
    <failure type="java.lang.AssertionError" message="expected [true] but found [false]">
      <![CDATA[java.lang.AssertionError: expected [true] but found [false]
at com.nopecommercev1.testCases.TC_DDTlogintest_002.loginTest(TC_DDTlogintest_002.java:48)
at java.base/java.util.ArrayList.forEach(ArrayList.java:1511)
... Removed 35 stack frames]]>
    </failure>
  </testcase> <!-- loginTest -->
  <testcase classname="com.nopecommercev1.testCases.TC_DDTlogintest_002" name="loginTest" time="4.031">
    <failure type="java.lang.AssertionError" message="expected [true] but found [false]">
      <![CDATA[java.lang.AssertionError: expected [true] but found [false]
at com.nopecommercev1.testCases.TC_DDTlogintest_002.loginTest(TC_DDTlogintest_002.java:48)
at java.base/java.util.ArrayList.forEach(ArrayList.java:1511)
... Removed 35 stack frames]]>
    </failure>
  </testcase> <!-- loginTest -->
  <testcase classname="com.nopecommercev1.testCases.TC_DDTlogintest_002" name="loginTest" time="5.241">
    <failure type="java.lang.AssertionError" message="expected [true] but found [false]">
      <![CDATA[java.lang.AssertionError: expected [true] but found [false]
at com.nopecommercev1.testCases.TC_DDTlogintest_002.loginTest(TC_DDTlogintest_002.java:48)
at java.base/java.util.ArrayList.forEach(ArrayList.java:1511)
... Removed 35 stack frames]]>
    </failure>
  </testcase> <!-- loginTest -->
</testsuite> <!-- Chrome Browser Test -->
